This file contains any messages produced by compilers while
running configure, to aid debugging if configure makes a mistake.

It was created by configure, which was
generated by GNU Autoconf 2.69.  Invocation command line was

  $ ./configure --enable-fuzz --enable-accept-filter --enable-no-gifs --enable-compression --enable-strptime-sanity-checks --enable-extended-statistics --enable-pcre-host-patterns --enable-external-filters --enable-accept-filter --enable-compression --with-mbedtls --with-brotli

## --------- ##
## Platform. ##
## --------- ##

hostname = 10.20.66.243
uname -m = x86_64
uname -r = 5.4.0-72-generic
uname -s = Linux
uname -v = #80-Ubuntu SMP Mon Apr 12 17:35:00 UTC 2021

/usr/bin/uname -p = x86_64
/bin/uname -X     = unknown

/bin/arch              = x86_64
/usr/bin/arch -k       = unknown
/usr/convex/getsysinfo = unknown
/usr/bin/hostinfo      = unknown
/bin/machine           = unknown
/usr/bin/oslevel       = unknown
/bin/universe          = unknown

PATH: /usr/local/sbin
PATH: /usr/local/bin
PATH: /usr/sbin
PATH: /usr/bin
PATH: /sbin
PATH: /bin
PATH: /usr/games
PATH: /usr/local/games
PATH: /snap/bin


## ----------- ##
## Core tests. ##
## ----------- ##

configure:2517: checking build system type
configure:2531: result: x86_64-unknown-linux-gnu
configure:2551: checking host system type
configure:2564: result: x86_64-unknown-linux-gnu
configure:2699: checking for gcc
configure:2726: result: afl-clang-lto
configure:2955: checking for C compiler version
configure:2964: afl-clang-lto --version >&5
Ubuntu clang version 12.0.0-++20210418111008+fa0971b87fb2-1~exp1~20210418211725.74
Target: x86_64-pc-linux-gnu
Thread model: posix
InstalledDir: /usr/lib/llvm-12/bin
configure:2975: $? = 0
configure:2964: afl-clang-lto -v >&5
Ubuntu clang version 12.0.0-++20210418111008+fa0971b87fb2-1~exp1~20210418211725.74
Target: x86_64-pc-linux-gnu
Thread model: posix
InstalledDir: /usr/lib/llvm-12/bin
Found candidate GCC installation: /usr/lib/gcc/x86_64-linux-gnu/10
Found candidate GCC installation: /usr/lib/gcc/x86_64-linux-gnu/9
Selected GCC installation: /usr/lib/gcc/x86_64-linux-gnu/10
Candidate multilib: .;@m64
Selected multilib: .;@m64
 "/usr/lib/llvm-12/bin/ld.lld" -z relro --hash-style=gnu --build-id --eh-frame-hdr -m elf_x86_64 -dynamic-linker /lib64/ld-linux-x86-64.so.2 -o a.out /usr/lib/gcc/x86_64-linux-gnu/10/../../../x86_64-linux-gnu/crt1.o /usr/lib/gcc/x86_64-linux-gnu/10/../../../x86_64-linux-gnu/crti.o /usr/lib/gcc/x86_64-linux-gnu/10/crtbegin.o -L/usr/lib/gcc/x86_64-linux-gnu/10 -L/usr/lib/gcc/x86_64-linux-gnu/10/../../../x86_64-linux-gnu -L/usr/lib/gcc/x86_64-linux-gnu/10/../../../../lib64 -L/lib/x86_64-linux-gnu -L/lib/../lib64 -L/usr/lib/x86_64-linux-gnu -L/usr/lib/../lib64 -L/usr/lib/x86_64-linux-gnu/../../lib64 -L/usr/lib/gcc/x86_64-linux-gnu/10/../../.. -L/usr/lib/llvm-12/bin/../lib -L/lib -L/usr/lib -plugin-opt=mcpu=x86-64 -plugin-opt=O3 --allow-multiple-definition -mllvm=-load=/usr/local/bin/../lib/afl//SanitizerCoverageLTO.so /usr/local/bin/../lib/afl//afl-compiler-rt.o /usr/local/bin/../lib/afl//afl-llvm-rt-lto.o --dynamic-list=/usr/local/bin/../lib/afl//dynamic_list.txt -lgcc --as-needed -lgcc_s --no-as-needed -lc -lgcc --as-needed -lgcc_s --no-as-needed /usr/lib/gcc/x86_64-linux-gnu/10/crtend.o /usr/lib/gcc/x86_64-linux-gnu/10/../../../x86_64-linux-gnu/crtn.o
... rest of stderr output deleted ...
configure:2975: $? = 1
configure:2964: afl-clang-lto -V >&5
clang: error: unsupported option '-V -g'
configure:2975: $? = 1
configure:2964: afl-clang-lto -qversion >&5
clang: error: unknown argument '-qversion'; did you mean '--version'?
configure:2975: $? = 1
configure:2995: checking whether the C compiler works
configure:3017: afl-clang-lto     conftest.c  >&5
configure:3021: $? = 0
configure:3069: result: yes
configure:3072: checking for C compiler default output file name
configure:3074: result: a.out
configure:3080: checking for suffix of executables
configure:3087: afl-clang-lto -o conftest     conftest.c  >&5
configure:3091: $? = 0
configure:3113: result: 
configure:3135: checking whether we are cross compiling
configure:3143: afl-clang-lto -o conftest     conftest.c  >&5
configure:3147: $? = 0
configure:3154: ./conftest
configure:3158: $? = 0
configure:3146: result: no
configure:3151: checking for suffix of object files
configure:3173: afl-clang-lto -c    conftest.c >&5
configure:3177: $? = 0
configure:3198: result: o
configure:3202: checking whether we are using the GNU C compiler
configure:3221: afl-clang-lto -c    conftest.c >&5
configure:3221: $? = 0
configure:3230: result: yes
configure:3239: checking whether afl-clang-lto accepts -g
configure:3259: afl-clang-lto -c -g  conftest.c >&5
configure:3259: $? = 0
configure:3300: result: yes
configure:3317: checking for afl-clang-lto option to accept ISO C89
configure:3380: afl-clang-lto  -c    conftest.c >&5
configure:3380: $? = 0
configure:3393: result: none needed
configure:3418: checking how to run the C preprocessor
configure:3449: afl-clang-lto -E  conftest.c
configure:3449: $? = 0
configure:3463: afl-clang-lto -E  conftest.c
conftest.c:14:10: fatal error: 'ac_nonexistent.h' file not found
#include <ac_nonexistent.h>
         ^~~~~~~~~~~~~~~~~~
1 error generated.
configure:3463: $? = 1
configure: failed program was:
| /* confdefs.h */
| #define PACKAGE_NAME ""
| #define PACKAGE_TARNAME ""
| #define PACKAGE_VERSION ""
| #define PACKAGE_STRING ""
| #define PACKAGE_BUGREPORT ""
| #define PACKAGE_URL ""
| #define VERSION_MAJOR 3
| #define VERSION_MINOR 0
| #define VERSION_POINT 31
| #define VERSION "3.0.31"
| #define CODE_STATUS "stable"
| /* end confdefs.h.  */
| #include <ac_nonexistent.h>
configure:3488: result: afl-clang-lto -E
configure:3508: afl-clang-lto -E  conftest.c
configure:3508: $? = 0
configure:3522: afl-clang-lto -E  conftest.c
conftest.c:14:10: fatal error: 'ac_nonexistent.h' file not found
#include <ac_nonexistent.h>
         ^~~~~~~~~~~~~~~~~~
1 error generated.
configure:3522: $? = 1
configure: failed program was:
| /* confdefs.h */
| #define PACKAGE_NAME ""
| #define PACKAGE_TARNAME ""
| #define PACKAGE_VERSION ""
| #define PACKAGE_STRING ""
| #define PACKAGE_BUGREPORT ""
| #define PACKAGE_URL ""
| #define VERSION_MAJOR 3
| #define VERSION_MINOR 0
| #define VERSION_POINT 31
| #define VERSION "3.0.31"
| #define CODE_STATUS "stable"
| /* end confdefs.h.  */
| #include <ac_nonexistent.h>
configure:3564: checking for a BSD-compatible install
configure:3632: result: /usr/bin/install -c
configure:3643: checking whether ln -s works
configure:3647: result: yes
configure:3654: checking whether make sets $(MAKE)
configure:3676: result: yes
configure:3689: checking for gawk
configure:3705: found /usr/bin/gawk
configure:3716: result: gawk
configure:3730: checking for gdb
configure:3746: found /usr/bin/gdb
configure:3758: result: yes
configure:3768: checking for groups
configure:3787: found /usr/bin/groups
configure:3800: result: /usr/bin/groups
configure:3810: checking for id
configure:3829: found /usr/bin/id
configure:3842: result: /usr/bin/id
configure:3894: WARNING: There is no user 'privoxy' on this system
configure:3897: checking for user
configure:3925: result: none specified
configure:3935: checking for group
configure:3971: result: none specified
configure:4058: checking for w3m
configure:4074: found /usr/bin/w3m
configure:4085: result: w3m
configure:4107: checking for db2html
configure:4123: found /usr/bin/db2html
configure:4134: result: db2html
configure:4155: checking for rpm
configure:4185: result: no
configure:4206: checking for openjade
configure:4222: found /usr/bin/openjade
configure:4233: result: openjade
configure:4251: checking for onsgmls
configure:4267: found /usr/bin/onsgmls
configure:4278: result: onsgmls
configure:4296: checking for man2html
configure:4312: found /usr/bin/man2html
configure:4323: result: man2html
configure:4351: checking for /usr/share/sgml/docbook/dsssl-stylesheets
configure:4351: checking for /usr/share/sgml/docbkdsl
configure:4351: checking for /usr/share/sgml/docbook-dsssl
configure:4351: checking for /usr/local/share/sgml/docbook/dsssl/modular
configure:4351: checking for /usr/share/sgml/docbook/stylesheet/dsssl/modular/
configure:4370: checking for /usr/share/sgml/CATALOG.docbk30
configure:4370: checking for /usr/share/sgml/CATALOG.docbk31
configure:4370: checking for /usr/share/sgml/CATALOG.docbk31
configure:4370: checking for /usr/local/share/sgml/docbook/2.4.1/docbook.cat
configure:4370: checking for /usr/local/share/sgml/docbook/3.0/docbook.cat
configure:4370: checking for /usr/local/share/sgml/docbook/3.1/docbook.cat
configure:4370: checking for /usr/share/sgml/docbook/dtd/3.1/docbook.cat
configure:4410: checking for grep that handles long lines and -e
configure:4468: result: /usr/bin/grep
configure:4473: checking for egrep
configure:4535: result: /usr/bin/grep -E
configure:4540: checking for ANSI C header files
configure:4560: afl-clang-lto -c -pipe -O2   conftest.c 1>&5
configure:4560: $? = 0
configure:4633: afl-clang-lto -o conftest -pipe -O2    conftest.c  1>&5
configure:4633: $? = 0
configure:4633: ./conftest
configure:4633: $? = 0
configure:4644: result: yes
configure:4657: checking for sys/types.h
configure:4657: afl-clang-lto -c -pipe -O2   conftest.c 1>&5
configure:4657: $? = 0
configure:4657: result: yes
configure:4657: checking for sys/stat.h
configure:4657: afl-clang-lto -c -pipe -O2   conftest.c 1>&5
configure:4657: $? = 0
configure:4657: result: yes
configure:4657: checking for stdlib.h
configure:4657: afl-clang-lto -c -pipe -O2   conftest.c 1>&5
configure:4657: $? = 0
configure:4657: result: yes
configure:4657: checking for string.h
configure:4657: afl-clang-lto -c -pipe -O2   conftest.c 1>&5
configure:4657: $? = 0
configure:4657: result: yes
configure:4657: checking for memory.h
configure:4657: afl-clang-lto -c -pipe -O2   conftest.c 1>&5
configure:4657: $? = 0
configure:4657: result: yes
configure:4657: checking for strings.h
configure:4657: afl-clang-lto -c -pipe -O2   conftest.c 1>&5
configure:4657: $? = 0
configure:4657: result: yes
configure:4657: checking for inttypes.h
configure:4657: afl-clang-lto -c -pipe -O2   conftest.c 1>&5
configure:4657: $? = 0
configure:4657: result: yes
configure:4657: checking for stdint.h
configure:4657: afl-clang-lto -c -pipe -O2   conftest.c 1>&5
configure:4657: $? = 0
configure:4657: result: yes
configure:4657: checking for unistd.h
configure:4657: afl-clang-lto -c -pipe -O2   conftest.c 1>&5
configure:4657: $? = 0
configure:4657: result: yes
configure:4669: checking pthread.h usability
configure:4669: afl-clang-lto -c -pipe -O2   conftest.c 1>&5
configure:4669: $? = 0
configure:4669: result: yes
configure:4669: checking pthread.h presence
configure:4669: afl-clang-lto -E   conftest.c
configure:4669: $? = 0
configure:4669: result: yes
configure:4669: checking for pthread.h
configure:4669: result: yes
configure:4714: afl-clang-lto -o conftest -pipe -O2  -pthread   conftest.c  1>&5
configure:4714: $? = 0
configure:4756: checking for gethostbyname in -lnsl
configure:4781: afl-clang-lto -o conftest -pipe -O2    conftest.c -lnsl   1>&5
configure:4781: $? = 0
configure:4790: result: yes
configure:4802: checking for gethostbyaddr_r
configure:4802: afl-clang-lto -o conftest -pipe -O2    conftest.c -lnsl  1>&5
configure:4802: $? = 0
configure:4802: result: yes
configure:4805: checking signature of gethostbyaddr_r
configure:4825: afl-clang-lto -c -pipe -O2   conftest.c 1>&5
configure:4825: $? = 0
configure:4829: result: 8 args
configure:4909: checking for gethostbyname_r
configure:4909: afl-clang-lto -o conftest -pipe -O2    conftest.c -lnsl  1>&5
configure:4909: $? = 0
configure:4909: result: yes
configure:4912: checking signature of gethostbyname_r
configure:4932: afl-clang-lto -c -pipe -O2   conftest.c 1>&5
configure:4932: $? = 0
configure:4936: result: 6 args
configure:5015: checking for gmtime_r
configure:5015: afl-clang-lto -o conftest -pipe -O2    conftest.c -lnsl  1>&5
configure:5015: $? = 0
configure:5015: result: yes
configure:5018: checking signature of gmtime_r
configure:5037: afl-clang-lto -c -pipe -O2   conftest.c 1>&5
conftest.c:37:21: warning: incompatible pointer types passing 'struct time *' to parameter of type 'const time_t *' (aka 'const long *') [-Wincompatible-pointer-types]
    (void) gmtime_r(t, tm)
                    ^
/usr/include/time.h:128:54: note: passing argument to parameter '__timer' here
extern struct tm *gmtime_r (const time_t *__restrict __timer,
                                                     ^
1 warning generated.
configure:5037: $? = 0
configure:5039: result: ok
configure:5060: checking for localtime_r
configure:5060: afl-clang-lto -o conftest -pipe -O2    conftest.c -lnsl  1>&5
configure:5060: $? = 0
configure:5060: result: yes
configure:5063: checking signature of localtime_r
configure:5082: afl-clang-lto -c -pipe -O2   conftest.c 1>&5
conftest.c:38:24: warning: incompatible pointer types passing 'struct time *' to parameter of type 'const time_t *' (aka 'const long *') [-Wincompatible-pointer-types]
    (void) localtime_r(t, tm)
                       ^
/usr/include/time.h:133:57: note: passing argument to parameter '__timer' here
extern struct tm *localtime_r (const time_t *__restrict __timer,
                                                        ^
1 warning generated.
configure:5082: $? = 0
configure:5084: result: ok
configure:5131: checking for socklen_t
configure:5140: result: yes
configure:5186: checking for ANSI C header files
configure:5290: result: yes
configure:5301: checking for dirent.h that defines DIR
configure:5320: afl-clang-lto -c -pipe -O2   conftest.c 1>&5
configure:5320: $? = 0
configure:5328: result: yes
configure:5341: checking for library containing opendir
configure:5372: afl-clang-lto -o conftest -pipe -O2    conftest.c -lnsl  1>&5
configure:5372: $? = 0
configure:5389: result: none required
configure:5456: checking for an ANSI C-conforming const
configure:5522: afl-clang-lto -c -pipe -O2   conftest.c 1>&5
configure:5522: $? = 0
configure:5529: result: yes
configure:5537: checking for size_t
configure:5537: afl-clang-lto -c -pipe -O2   conftest.c 1>&5
configure:5537: $? = 0
configure:5537: afl-clang-lto -c -pipe -O2   conftest.c 1>&5
conftest.c:68:21: error: expected expression
if (sizeof ((size_t)))
                    ^
1 error generated.
configure:5537: $? = 1
configure: failed program was:
| /* confdefs.h */
| #define PACKAGE_NAME ""
| #define PACKAGE_TARNAME ""
| #define PACKAGE_VERSION ""
| #define PACKAGE_STRING ""
| #define PACKAGE_BUGREPORT ""
| #define PACKAGE_URL ""
| #define VERSION_MAJOR 3
| #define VERSION_MINOR 0
| #define VERSION_POINT 31
| #define VERSION "3.0.31"
| #define CODE_STATUS "stable"
| #define STDC_HEADERS 1
| #define HAVE_SYS_TYPES_H 1
| #define HAVE_SYS_STAT_H 1
| #define HAVE_STDLIB_H 1
| #define HAVE_STRING_H 1
| #define HAVE_MEMORY_H 1
| #define HAVE_STRINGS_H 1
| #define HAVE_INTTYPES_H 1
| #define HAVE_STDINT_H 1
| #define HAVE_UNISTD_H 1
| #define FEATURE_PTHREAD 1
| #define HAVE_LIBNSL 1
| #define HAVE_GETHOSTBYADDR_R_8_ARGS 1
| #define HAVE_GETHOSTBYNAME_R_6_ARGS 1
| #define HAVE_GMTIME_R 1
| #define HAVE_LOCALTIME_R 1
| #define STDC_HEADERS 1
| #define HAVE_DIRENT_H 1
| /* end confdefs.h.  */
| #include <stdio.h>
| #ifdef HAVE_SYS_TYPES_H
| # include <sys/types.h>
| #endif
| #ifdef HAVE_SYS_STAT_H
| # include <sys/stat.h>
| #endif
| #ifdef STDC_HEADERS
| # include <stdlib.h>
| # include <stddef.h>
| #else
| # ifdef HAVE_STDLIB_H
| #  include <stdlib.h>
| # endif
| #endif
| #ifdef HAVE_STRING_H
| # if !defined STDC_HEADERS && defined HAVE_MEMORY_H
| #  include <memory.h>
| # endif
| # include <string.h>
| #endif
| #ifdef HAVE_STRINGS_H
| # include <strings.h>
| #endif
| #ifdef HAVE_INTTYPES_H
| # include <inttypes.h>
| #endif
| #ifdef HAVE_STDINT_H
| # include <stdint.h>
| #endif
| #ifdef HAVE_UNISTD_H
| # include <unistd.h>
| #endif
| int
| main ()
| {
| if (sizeof ((size_t)))
| 	    return 0;
|   ;
|   return 0;
| }
configure:5537: result: yes
configure:5548: checking for pid_t
configure:5548: afl-clang-lto -c -pipe -O2   conftest.c 1>&5
configure:5548: $? = 0
configure:5548: afl-clang-lto -c -pipe -O2   conftest.c 1>&5
conftest.c:68:20: error: expected expression
if (sizeof ((pid_t)))
                   ^
1 error generated.
configure:5548: $? = 1
configure: failed program was:
| /* confdefs.h */
| #define PACKAGE_NAME ""
| #define PACKAGE_TARNAME ""
| #define PACKAGE_VERSION ""
| #define PACKAGE_STRING ""
| #define PACKAGE_BUGREPORT ""
| #define PACKAGE_URL ""
| #define VERSION_MAJOR 3
| #define VERSION_MINOR 0
| #define VERSION_POINT 31
| #define VERSION "3.0.31"
| #define CODE_STATUS "stable"
| #define STDC_HEADERS 1
| #define HAVE_SYS_TYPES_H 1
| #define HAVE_SYS_STAT_H 1
| #define HAVE_STDLIB_H 1
| #define HAVE_STRING_H 1
| #define HAVE_MEMORY_H 1
| #define HAVE_STRINGS_H 1
| #define HAVE_INTTYPES_H 1
| #define HAVE_STDINT_H 1
| #define HAVE_UNISTD_H 1
| #define FEATURE_PTHREAD 1
| #define HAVE_LIBNSL 1
| #define HAVE_GETHOSTBYADDR_R_8_ARGS 1
| #define HAVE_GETHOSTBYNAME_R_6_ARGS 1
| #define HAVE_GMTIME_R 1
| #define HAVE_LOCALTIME_R 1
| #define STDC_HEADERS 1
| #define HAVE_DIRENT_H 1
| /* end confdefs.h.  */
| #include <stdio.h>
| #ifdef HAVE_SYS_TYPES_H
| # include <sys/types.h>
| #endif
| #ifdef HAVE_SYS_STAT_H
| # include <sys/stat.h>
| #endif
| #ifdef STDC_HEADERS
| # include <stdlib.h>
| # include <stddef.h>
| #else
| # ifdef HAVE_STDLIB_H
| #  include <stdlib.h>
| # endif
| #endif
| #ifdef HAVE_STRING_H
| # if !defined STDC_HEADERS && defined HAVE_MEMORY_H
| #  include <memory.h>
| # endif
| # include <string.h>
| #endif
| #ifdef HAVE_STRINGS_H
| # include <strings.h>
| #endif
| #ifdef HAVE_INTTYPES_H
| # include <inttypes.h>
| #endif
| #ifdef HAVE_STDINT_H
| # include <stdint.h>
| #endif
| #ifdef HAVE_UNISTD_H
| # include <unistd.h>
| #endif
| int
| main ()
| {
| if (sizeof ((pid_t)))
| 	    return 0;
|   ;
|   return 0;
| }
configure:5548: result: yes
configure:5559: checking whether time.h and sys/time.h may both be included
configure:5579: afl-clang-lto -c -pipe -O2   conftest.c 1>&5
configure:5579: $? = 0
configure:5586: result: yes
configure:5594: checking whether struct tm is in sys/time.h or time.h
configure:5614: afl-clang-lto -c -pipe -O2   conftest.c 1>&5
configure:5614: $? = 0
configure:5621: result: time.h
configure:5633: checking size of int
configure:5638: afl-clang-lto -o conftest -pipe -O2    conftest.c -lnsl  1>&5
configure:5638: $? = 0
configure:5638: ./conftest
configure:5638: $? = 0
configure:5652: result: 4
configure:5666: checking size of char *
configure:5671: afl-clang-lto -o conftest -pipe -O2    conftest.c -lnsl  1>&5
configure:5671: $? = 0
configure:5671: ./conftest
configure:5671: $? = 0

## ---------------- ##
## Cache variables. ##
## ---------------- ##

ac_cv_build=x86_64-unknown-linux-gnu
ac_cv_c_compiler_gnu=yes
ac_cv_c_const=yes
ac_cv_env_CC_set=set
ac_cv_env_CC_value=afl-clang-lto
ac_cv_env_CFLAGS_set=
ac_cv_env_CFLAGS_value=
ac_cv_env_CPPFLAGS_set=
ac_cv_env_CPPFLAGS_value=
ac_cv_env_CPP_set=
ac_cv_env_CPP_value=
ac_cv_env_LDFLAGS_set=
ac_cv_env_LDFLAGS_value=
ac_cv_env_LIBS_set=
ac_cv_env_LIBS_value=
ac_cv_env_build_alias_set=
ac_cv_env_build_alias_value=
ac_cv_env_host_alias_set=
ac_cv_env_host_alias_value=
ac_cv_env_target_alias_set=
ac_cv_env_target_alias_value=
ac_cv_func_gethostbyaddr_r=yes
ac_cv_func_gethostbyname_r=yes
ac_cv_func_gmtime_r=yes
ac_cv_func_localtime_r=yes
ac_cv_header_dirent_dirent_h=yes
ac_cv_header_inttypes_h=yes
ac_cv_header_memory_h=yes
ac_cv_header_pthread_h=yes
ac_cv_header_stdc=yes
ac_cv_header_stdint_h=yes
ac_cv_header_stdlib_h=yes
ac_cv_header_string_h=yes
ac_cv_header_strings_h=yes
ac_cv_header_sys_stat_h=yes
ac_cv_header_sys_types_h=yes
ac_cv_header_time=yes
ac_cv_header_unistd_h=yes
ac_cv_host=x86_64-unknown-linux-gnu
ac_cv_lib_nsl_gethostbyname=yes
ac_cv_objext=o
ac_cv_path_BGROUPS=/usr/bin/groups
ac_cv_path_EGREP='/usr/bin/grep -E'
ac_cv_path_GREP=/usr/bin/grep
ac_cv_path_ID=/usr/bin/id
ac_cv_path_install='/usr/bin/install -c'
ac_cv_prog_AWK=gawk
ac_cv_prog_CPP='afl-clang-lto -E'
ac_cv_prog_DB2HTML=db2html
ac_cv_prog_GDB=yes
ac_cv_prog_JADEBIN=openjade
ac_cv_prog_MAN2HTML=man2html
ac_cv_prog_NSGMLS=onsgmls
ac_cv_prog_W3M=w3m
ac_cv_prog_ac_ct_CC=afl-clang-lto
ac_cv_prog_cc_c89=
ac_cv_prog_cc_g=yes
ac_cv_prog_make_make_set=yes
ac_cv_search_opendir='none required'
ac_cv_sizeof_int=4
ac_cv_struct_tm=time.h
ac_cv_type_pid_t=yes
ac_cv_type_size_t=yes

## ----------------- ##
## Output variables. ##
## ----------------- ##

AWK='gawk'
BGROUPS='/usr/bin/groups'
CC='afl-clang-lto'
CFLAGS='-pipe -O2 '
CODE_STATUS='stable'
CPP='afl-clang-lto -E'
CPPFLAGS=''
DB2HTML='db2html'
DEFS=''
DKPREFIX='/usr/share/sgml/docbook/stylesheet/dsssl/modular/'
DOC_STATUS='p-stable'
ECHO_C=''
ECHO_N='-n'
ECHO_T=''
EGREP='/usr/bin/grep -E'
EXEEXT=''
FEATURE_BROTLI=''
FEATURE_CLIENT_TAGS_ONLY=''
FEATURE_HTTPS_INSPECTION_MBEDTLS=''
FEATURE_HTTPS_INSPECTION_ONLY=''
FEATURE_HTTPS_INSPECTION_ONLY_MBEDTLS=''
FEATURE_HTTPS_INSPECTION_ONLY_OPENSSL=''
FEATURE_HTTPS_INSPECTION_OPENSSL=''
FUZZ_ONLY=''
GDB='yes'
GREP='/usr/bin/grep'
GROUP=''
ID='/usr/bin/id'
INSTALL_DATA='${INSTALL} -m 644'
INSTALL_PROGRAM='${INSTALL}'
INSTALL_SCRIPT='${INSTALL}'
JADEBIN='openjade'
JADECAT=' -c /usr/share/sgml/docbook/dtd/3.1/docbook.cat'
LDFLAGS=''
LIBOBJS=''
LIBS='-lnsl '
LN_S='ln -s'
LTLIBOBJS=''
MAN2HTML='man2html'
NSGMLS='onsgmls'
OBJEXT='o'
PACKAGE_BUGREPORT=''
PACKAGE_NAME=''
PACKAGE_STRING=''
PACKAGE_TARNAME=''
PACKAGE_URL=''
PACKAGE_VERSION=''
PATH_SEPARATOR=':'
PTHREAD_LIB=''
PTHREAD_ONLY=''
RPMBIN='false'
RPM_BASE=''
SET_MAKE=''
SHELL='/bin/bash'
SOCKET_LIB=''
SOURCE_DATE_EPOCH='1605695571'
SPECIAL_CFLAGS='-pthread'
STATIC_PCRE_ONLY=''
STATIC_PCRS_ONLY=''
USER=''
VERSION_MAJOR='3'
VERSION_MINOR='0'
VERSION_POINT='31'
W3M='w3m'
WIN_ONLY='#'
ac_ct_CC='afl-clang-lto'
bindir='${exec_prefix}/bin'
build='x86_64-unknown-linux-gnu'
build_alias=''
build_cpu='x86_64'
build_os='linux-gnu'
build_vendor='unknown'
datadir='${datarootdir}'
datarootdir='${prefix}/share'
docdir='${datarootdir}/doc/${PACKAGE}'
dvidir='${docdir}'
exec_prefix='NONE'
host='x86_64-unknown-linux-gnu'
host_alias=''
host_cpu='x86_64'
host_os='linux-gnu'
host_vendor='unknown'
htmldir='${docdir}'
includedir='${prefix}/include'
infodir='${datarootdir}/info'
libdir='${exec_prefix}/lib'
libexecdir='${exec_prefix}/libexec'
localedir='${datarootdir}/locale'
localstatedir='${prefix}/var'
mandir='${datarootdir}/man'
oldincludedir='/usr/include'
pdfdir='${docdir}'
prefix='NONE'
program_transform_name='s,x,x,'
psdir='${docdir}'
runstatedir='${localstatedir}/run'
sbindir='${exec_prefix}/sbin'
sharedstatedir='${prefix}/com'
sysconfdir='${prefix}/etc'
target_alias=''

## ----------- ##
## confdefs.h. ##
## ----------- ##

/* confdefs.h */
#define PACKAGE_NAME ""
#define PACKAGE_TARNAME ""
#define PACKAGE_VERSION ""
#define PACKAGE_STRING ""
#define PACKAGE_BUGREPORT ""
#define PACKAGE_URL ""
#define VERSION_MAJOR 3
#define VERSION_MINOR 0
#define VERSION_POINT 31
#define VERSION "3.0.31"
#define CODE_STATUS "stable"
#define STDC_HEADERS 1
#define HAVE_SYS_TYPES_H 1
#define HAVE_SYS_STAT_H 1
#define HAVE_STDLIB_H 1
#define HAVE_STRING_H 1
#define HAVE_MEMORY_H 1
#define HAVE_STRINGS_H 1
#define HAVE_INTTYPES_H 1
#define HAVE_STDINT_H 1
#define HAVE_UNISTD_H 1
#define FEATURE_PTHREAD 1
#define HAVE_LIBNSL 1
#define HAVE_GETHOSTBYADDR_R_8_ARGS 1
#define HAVE_GETHOSTBYNAME_R_6_ARGS 1
#define HAVE_GMTIME_R 1
#define HAVE_LOCALTIME_R 1
#define STDC_HEADERS 1
#define HAVE_DIRENT_H 1
#define TIME_WITH_SYS_TIME 1
#define SIZEOF_INT 4

configure: caught signal 2
configure: exit 1
